2021-07-03 07:39:55,842: INFO infoCategory : tcp begin connect! address=106.75.187.205 port=443
2021-07-03 07:39:55,843: INFO infoCategory : tcp end connect! ret=-1
2021-07-03 07:39:55,843: INFO infoCategory : tcp connect err! begin select!!
2021-07-03 07:39:55,843: INFO infoCategory : CreateNamedPipe ok!! name=\\.\pipe\todesk_pipe
2021-07-03 07:39:55,925: INFO infoCategory : center client doAuth ok!! sock=872
2021-07-03 07:39:57,278: INFO infoCategory : disconnect=1096
2021-07-03 07:39:57,278: INFO infoCategory : OnServiceControlStartClient!
2021-07-03 07:39:57,279: INFO infoCategory : launchclient! sessionId=1
2021-07-03 07:39:57,284: INFO infoCategory : process=explorer.exe sessionid=1
2021-07-03 07:39:57,284: INFO infoCategory : CreateProcessAsUserA localprocess is show = 1   processPath="D:\toDesk\ToDesk.exe" 9940
2021-07-03 07:39:57,298: INFO infoCategory : CreateProcessAsUserA success 1 pid=15812
2021-07-03 08:09:33,033: INFO infoCategory : VIDEO_HOST begin connect transfer server!!!
2021-07-03 08:09:33,043: INFO infoCategory : tcp begin connect! address=106.75.167.169 port=443
2021-07-03 08:09:33,044: INFO infoCategory : tcp end connect! ret=-1
2021-07-03 08:09:33,044: INFO infoCategory : tcp connect err! begin select!!
2021-07-03 08:09:33,099: INFO infoCategory : create host conn  sock = 1300
2021-07-03 08:09:33,102: INFO infoCategory : VIDEO_HOST  transfer destroy! ip=106.75.167.169 port=443
2021-07-03 08:09:34,276: INFO infoCategory : begin launch video session!
2021-07-03 08:09:34,276: INFO infoCategory : StartProcess = "D:\toDesk\ToDesk_Session.exe" 1
2021-07-03 08:09:34,333: INFO infoCategory : disconnect=1476
2021-07-03 08:09:34,333: INFO infoCategory : shutdown socket err! errno=10057
2021-07-03 08:09:34,333: INFO infoCategory : disconnect=1476
2021-07-03 08:09:34,333: INFO infoCategory : shutdown socket err! errno=10038
2021-07-03 08:09:34,333: INFO infoCategory : close socket err! errno=10038
2021-07-03 08:09:34,333: INFO infoCategory : tcp begin connect! address=140.243.118.104 port=10001
2021-07-03 08:09:34,333: INFO infoCategory : tcp end connect! ret=-1
2021-07-03 08:09:34,333: INFO infoCategory : tcp connect err! begin select!!
2021-07-03 08:09:39,333: INFO infoCategory : sock connect select err!! errno=0
2021-07-03 08:09:39,333: INFO infoCategory : OnUpnpClientConnectResult = 0
2021-07-03 08:09:39,341: INFO infoCategory : disconnect=1476
2021-07-03 08:09:39,341: INFO infoCategory : shutdown socket err! errno=10057
2021-07-03 08:09:55,311: INFO infoCategory : sock recv err!! sock=1300 errno=0
2021-07-03 08:09:55,312: INFO infoCategory : host conn delete begin!
2021-07-03 08:09:55,312: INFO infoCategory : host conn disconnect!!! sock=1300
2021-07-03 08:09:55,312: INFO infoCategory : disconnect=1300
2021-07-03 08:09:55,316: INFO infoCategory : host conn delete begin1!
2021-07-03 08:09:55,317: INFO infoCategory : Upnp stop!
2021-07-03 08:09:55,317: INFO infoCategory : disconnect=1228
2021-07-03 08:09:55,317: INFO infoCategory : shutdown socket err! errno=10057
2021-07-03 08:09:55,317: INFO infoCategory : Upnp destroy!
2021-07-03 08:09:55,317: INFO infoCategory : Upnp stop!
2021-07-03 08:09:55,317: INFO infoCategory : upnp broken!
2021-07-03 08:09:55,320: INFO infoCategory : disconnect=1300
2021-07-03 08:09:55,320: INFO infoCategory : shutdown socket err! errno=10038
2021-07-03 08:09:55,320: INFO infoCategory : close socket err! errno=10038
2021-07-03 08:09:55,320: INFO infoCategory : host conn delete end!
2021-07-03 08:09:55,321: INFO infoCategory : remove Host conn!!!
2021-07-03 08:09:55,321: INFO infoCategory : disconnect=1464
2021-07-03 08:09:55,321: INFO infoCategory : shutdown socket err! errno=10057
2021-07-03 08:09:55,321: INFO infoCategory : disconnect=1464
2021-07-03 08:09:55,321: INFO infoCategory : shutdown socket err! errno=10038
2021-07-03 08:09:55,321: INFO infoCategory : close socket err! errno=10038
2021-07-03 08:09:55,337: INFO infoCategory : sock recv err!! sock=1252 errno=10054
2021-07-03 08:09:55,337: INFO infoCategory : session conn destroy start!!!
2021-07-03 08:09:55,337: INFO infoCategory : session conn disconnect!!! sock=1252
2021-07-03 08:09:55,337: INFO infoCategory : disconnect=1252
2021-07-03 08:09:55,338: INFO infoCategory : disconnect=1252
2021-07-03 08:09:55,338: INFO infoCategory : shutdown socket err! errno=10038
2021-07-03 08:09:55,338: INFO infoCategory : close socket err! errno=10038
2021-07-03 08:09:55,338: INFO infoCategory : session conn destroy end!!!
2021-07-03 08:09:55,364: INFO infoCategory : disconnect=1228
2021-07-03 08:09:55,364: INFO infoCategory : shutdown socket err! errno=10038
2021-07-03 08:09:55,364: INFO infoCategory : close socket err! errno=10038
2021-07-03 09:21:54,378: INFO infoCategory : VIDEO_HOST begin connect transfer server!!!
2021-07-03 09:21:54,384: INFO infoCategory : tcp begin connect! address=106.75.167.169 port=443
2021-07-03 09:21:54,384: INFO infoCategory : tcp end connect! ret=-1
2021-07-03 09:21:54,385: INFO infoCategory : tcp connect err! begin select!!
2021-07-03 09:21:54,434: INFO infoCategory : create host conn  sock = 1336
2021-07-03 09:21:54,437: INFO infoCategory : VIDEO_HOST  transfer destroy! ip=106.75.167.169 port=443
2021-07-03 09:21:55,644: INFO infoCategory : begin launch video session!
2021-07-03 09:21:55,644: INFO infoCategory : StartProcess = "D:\toDesk\ToDesk_Session.exe" 1
2021-07-03 09:21:55,704: INFO infoCategory : disconnect=1148
2021-07-03 09:21:55,704: INFO infoCategory : shutdown socket err! errno=10057
2021-07-03 09:21:55,705: INFO infoCategory : disconnect=1148
2021-07-03 09:21:55,705: INFO infoCategory : shutdown socket err! errno=10038
2021-07-03 09:21:55,705: INFO infoCategory : close socket err! errno=10038
2021-07-03 09:21:55,705: INFO infoCategory : tcp begin connect! address=140.243.118.104 port=10001
2021-07-03 09:21:55,705: INFO infoCategory : tcp end connect! ret=-1
2021-07-03 09:21:55,705: INFO infoCategory : tcp connect err! begin select!!
2021-07-03 09:22:00,705: INFO infoCategory : sock connect select err!! errno=0
2021-07-03 09:22:00,705: INFO infoCategory : OnUpnpClientConnectResult = 0
2021-07-03 09:22:00,707: INFO infoCategory : disconnect=1148
2021-07-03 09:22:00,707: INFO infoCategory : shutdown socket err! errno=10057
2021-07-03 09:22:28,330: INFO infoCategory : sock recv err!! sock=1336 errno=0
2021-07-03 09:22:28,330: INFO infoCategory : host conn delete begin!
2021-07-03 09:22:28,330: INFO infoCategory : host conn disconnect!!! sock=1336
2021-07-03 09:22:28,330: INFO infoCategory : disconnect=1336
2021-07-03 09:22:28,339: INFO infoCategory : host conn delete begin1!
2021-07-03 09:22:28,341: INFO infoCategory : disconnect=1336
2021-07-03 09:22:28,341: INFO infoCategory : shutdown socket err! errno=10038
2021-07-03 09:22:28,341: INFO infoCategory : close socket err! errno=10038
2021-07-03 09:22:28,341: INFO infoCategory : host conn delete end!
2021-07-03 09:22:28,342: INFO infoCategory : remove Host conn!!!
2021-07-03 09:22:28,342: INFO infoCategory : disconnect=1532
2021-07-03 09:22:28,342: INFO infoCategory : shutdown socket err! errno=10057
2021-07-03 09:22:28,342: INFO infoCategory : disconnect=1532
2021-07-03 09:22:28,342: INFO infoCategory : shutdown socket err! errno=10038
2021-07-03 09:22:28,342: INFO infoCategory : close socket err! errno=10038
2021-07-03 09:22:28,348: INFO infoCategory : Upnp stop!
2021-07-03 09:22:28,348: INFO infoCategory : disconnect=1572
2021-07-03 09:22:28,348: INFO infoCategory : shutdown socket err! errno=10057
2021-07-03 09:22:28,348: INFO infoCategory : Upnp destroy!
2021-07-03 09:22:28,348: INFO infoCategory : Upnp stop!
2021-07-03 09:22:28,348: INFO infoCategory : upnp broken!
2021-07-03 09:22:28,348: INFO infoCategory : disconnect=1572
2021-07-03 09:22:28,348: INFO infoCategory : shutdown socket err! errno=10038
2021-07-03 09:22:28,348: INFO infoCategory : close socket err! errno=10038
2021-07-03 09:22:28,357: INFO infoCategory : sock recv err!! sock=1540 errno=10054
2021-07-03 09:22:28,357: INFO infoCategory : session conn destroy start!!!
2021-07-03 09:22:28,357: INFO infoCategory : session conn disconnect!!! sock=1540
2021-07-03 09:22:28,357: INFO infoCategory : disconnect=1540
2021-07-03 09:22:28,357: INFO infoCategory : disconnect=1540
2021-07-03 09:22:28,357: INFO infoCategory : shutdown socket err! errno=10038
2021-07-03 09:22:28,357: INFO infoCategory : close socket err! errno=10038
2021-07-03 09:22:28,357: INFO infoCategory : session conn destroy end!!!
2021-07-03 11:16:12,756: INFO infoCategory : ServiceStrl SERVICE_CONTROL_SESSIONCHANGE!
2021-07-03 11:16:12,757: INFO infoCategory : Service Control Session Changed begin!! msgid=7
2021-07-03 14:46:23,885: INFO infoCategory : ServiceStrl SERVICE_CONTROL_SESSIONCHANGE!
2021-07-03 14:46:23,886: INFO infoCategory : Service Control Session Changed begin!! msgid=8
2021-07-03 21:29:03,989: INFO infoCategory : sock recv err!! sock=1184 errno=10054
2021-07-03 21:29:03,990: INFO infoCategory : LocalConnErrMsg!
2021-07-03 21:29:03,990: INFO infoCategory : disconnect=1184
2021-07-03 21:29:03,990: INFO infoCategory : disconnect=1184
2021-07-03 21:29:03,990: INFO infoCategory : shutdown socket err! errno=10038
2021-07-03 21:29:03,990: INFO infoCategory : close socket err! errno=10038
2021-07-03 21:29:05,095: INFO infoCategory : ServiceStrl SERVICE_CONTROL_SESSIONCHANGE!
2021-07-03 21:29:05,095: INFO infoCategory : Service Control Session Changed begin!! msgid=6
2021-07-03 21:29:05,973: INFO infoCategory : ServiceStrl SERVICE_CONTROL_SHUTDOWN|SERVICE_CONTROL_STOP!
