2021-07-03 08:09:35,327: INFO infoCategory : start session audio = 0 encode = 0
2021-07-03 08:09:35,328: INFO infoCategory : tcp begin connect! address=127.0.0.1 port=35600
2021-07-03 08:09:35,328: INFO infoCategory : tcp end connect! ret=-1
2021-07-03 08:09:35,328: INFO infoCategory : tcp connect err! begin select!!
2021-07-03 08:09:35,416: INFO infoCategory : Failed to duplicate output from IDXGIOutput1, error with code 
2021-07-03 08:09:35,416: INFO infoCategory : Failed to initialize DxgiOutputDuplicator on output 0
2021-07-03 08:09:35,422: INFO infoCategory : Cannot initialize any DxgiOutputDuplicator instance
2021-07-03 08:09:35,422: INFO infoCategory : Failed to initialize DxgiAdapterDuplicator on adapter 1
2021-07-03 08:09:35,422: INFO infoCategory : Cannot initialize any DxgiOutputDuplicator instance
2021-07-03 08:09:35,422: INFO infoCategory : Failed to initialize DxgiAdapterDuplicator on adapter 2
2021-07-03 08:09:35,426: INFO infoCategory : Using DXGI capturer
2021-07-03 08:09:35,427: INFO infoCategory : screenCount = 2
2021-07-03 09:21:55,716: INFO infoCategory : start session audio = 0 encode = 0
2021-07-03 09:21:55,717: INFO infoCategory : tcp begin connect! address=127.0.0.1 port=35600
2021-07-03 09:21:55,717: INFO infoCategory : tcp end connect! ret=-1
2021-07-03 09:21:55,717: INFO infoCategory : tcp connect err! begin select!!
2021-07-03 09:21:55,807: INFO infoCategory : Failed to duplicate output from IDXGIOutput1, error with code 
2021-07-03 09:21:55,807: INFO infoCategory : Failed to initialize DxgiOutputDuplicator on output 0
2021-07-03 09:21:55,810: INFO infoCategory : Cannot initialize any DxgiOutputDuplicator instance
2021-07-03 09:21:55,810: INFO infoCategory : Failed to initialize DxgiAdapterDuplicator on adapter 1
2021-07-03 09:21:55,810: INFO infoCategory : Cannot initialize any DxgiOutputDuplicator instance
2021-07-03 09:21:55,810: INFO infoCategory : Failed to initialize DxgiAdapterDuplicator on adapter 2
2021-07-03 09:21:55,813: INFO infoCategory : Using DXGI capturer
2021-07-03 09:21:55,814: INFO infoCategory : screenCount = 2
